<?xml version="1.0" encoding="UTF-8"?>
<!-- Generated by org.testng.reporters.JUnitReportReporter -->
<testsuite hostname="LAPTOP-42USQQ8O" failures="0" tests="4" name="api.test.UserTests2" time="8.602" errors="0" timestamp="2024-12-22T09:03:10 IST" skipped="0">
  <testcase classname="api.test.UserTests2" name="testPostUser" time="4.095"/>
  <system-out/>
  <testcase classname="api.test.UserTests2" name="testGetUserByName" time="1.134"/>
  <system-out/>
  <testcase classname="api.test.UserTests2" name="testUpdateUserByName" time="2.236"/>
  <system-out/>
  <testcase classname="api.test.UserTests2" name="testDeleteUserByName" time="1.137"/>
  <system-out/>
</testsuite> <!-- api.test.UserTests2 -->
