<?xml version="1.0" encoding="UTF-8"?>
<!-- Generated by org.testng.reporters.JUnitReportReporter -->
<testsuite hostname="LAPTOP-42USQQ8O" failures="0" tests="4" name="api.test.UserTests" time="10.815" errors="0" timestamp="2024-12-21T22:10:09 IST" skipped="0">
  <testcase classname="api.test.UserTests" name="testPostUser" time="4.361"/>
  <system-out/>
  <testcase classname="api.test.UserTests" name="testGetUserByName" time="1.544"/>
  <system-out/>
  <testcase classname="api.test.UserTests" name="testUpdateUserByName" time="3.074"/>
  <system-out/>
  <testcase classname="api.test.UserTests" name="testDeleteUserByName" time="1.836"/>
  <system-out/>
</testsuite> <!-- api.test.UserTests -->
