<?xml version="1.0" encoding="UTF-8"?>
<!-- Generated by org.testng.reporters.JUnitReportReporter -->
<testsuite hostname="LAPTOP-42USQQ8O" failures="0" tests="4" name="api.test.UserTests2" time="6.920" errors="0" timestamp="2024-12-22T12:15:13 IST" skipped="0">
  <testcase classname="api.test.UserTests2" name="testPostUser" time="2.655"/>
  <system-out/>
  <testcase classname="api.test.UserTests2" name="testGetUserByName" time="1.115"/>
  <system-out/>
  <testcase classname="api.test.UserTests2" name="testUpdateUserByName" time="2.115"/>
  <system-out/>
  <testcase classname="api.test.UserTests2" name="testDeleteUserByName" time="1.035"/>
  <system-out/>
</testsuite> <!-- api.test.UserTests2 -->
